<?xml version="1.0" encoding="UTF-8"?>
<!-- Generated by org.testng.reporters.JUnitReportReporter -->
<testsuite hostname="4820c293ed90" failures="0" tests="20" name="com.vinsguru.tests.flightreservation.FlightReservationTest" time="30.286" errors="0" timestamp="2024-08-24T02:53:43 GMT" skipped="0">
  <testcase classname="com.vinsguru.tests.flightreservation.FlightReservationTest" name="flightsSelectionTest" time="1.708"/>
  <testcase classname="com.vinsguru.tests.flightreservation.FlightReservationTest" name="registrationConfirmationTest" time="2.178"/>
  <testcase classname="com.vinsguru.tests.flightreservation.FlightReservationTest" name="flightSearchTest" time="1.801"/>
  <testcase classname="com.vinsguru.tests.flightreservation.FlightReservationTest" name="flightsSelectionTest" time="1.719"/>
  <testcase classname="com.vinsguru.tests.flightreservation.FlightReservationTest" name="userReservationTest" time="1.061"/>
  <testcase classname="com.vinsguru.tests.flightreservation.FlightReservationTest" name="flightsSelectionTest" time="0.662"/>
  <testcase classname="com.vinsguru.tests.flightreservation.FlightReservationTest" name="flightReservationConfirmationTest" time="1.708"/>
  <testcase classname="com.vinsguru.tests.flightreservation.FlightReservationTest" name="flightSearchTest" time="1.815"/>
  <testcase classname="com.vinsguru.tests.flightreservation.FlightReservationTest" name="userReservationTest" time="0.980"/>
  <testcase classname="com.vinsguru.tests.flightreservation.FlightReservationTest" name="flightReservationConfirmationTest" time="0.590"/>
  <testcase classname="com.vinsguru.tests.flightreservation.FlightReservationTest" name="userReservationTest" time="0.836"/>
  <testcase classname="com.vinsguru.tests.flightreservation.FlightReservationTest" name="registrationConfirmationTest" time="1.656"/>
  <testcase classname="com.vinsguru.tests.flightreservation.FlightReservationTest" name="registrationConfirmationTest" time="2.189"/>
  <testcase classname="com.vinsguru.tests.flightreservation.FlightReservationTest" name="flightSearchTest" time="2.240"/>
  <testcase classname="com.vinsguru.tests.flightreservation.FlightReservationTest" name="flightsSelectionTest" time="0.692"/>
  <testcase classname="com.vinsguru.tests.flightreservation.FlightReservationTest" name="flightReservationConfirmationTest" time="1.725"/>
  <testcase classname="com.vinsguru.tests.flightreservation.FlightReservationTest" name="flightReservationConfirmationTest" time="2.151"/>
  <testcase classname="com.vinsguru.tests.flightreservation.FlightReservationTest" name="registrationConfirmationTest" time="1.143"/>
  <testcase classname="com.vinsguru.tests.flightreservation.FlightReservationTest" name="userReservationTest" time="1.113"/>
  <testcase classname="com.vinsguru.tests.flightreservation.FlightReservationTest" name="flightSearchTest" time="2.319"/>
</testsuite> <!-- com.vinsguru.tests.flightreservation.FlightReservationTest -->
